<?xml version="1.0" encoding="UTF-8"?>
<!-- Generated by org.testng.reporters.JUnitXMLReporter -->
<testsuite hostname="LAPTOP-729KH7AO" ignored="0" name="Free CRM App Test Cases" tests="11" failures="0" timestamp="14 Jan 2019 13:07:00 GMT" time="235.615" errors="0">
  <testcase name="loginPageTitleTest" time="0.072" classname="com.crm.qa.testcases.LoginPageTest"/>
  <testcase name="verifyHomePageTiltleTest" time="0.028" classname="com.crm.qa.testcases.HomePageTest"/>
  <testcase name="verifyContactsPageLabel" time="0.127" classname="com.crm.qa.testcases.ContactsPageTest"/>
  <testcase name="crmLogoImageTest" time="0.195" classname="com.crm.qa.testcases.LoginPageTest"/>
  <testcase name="varifyUserNameTest" time="0.248" classname="com.crm.qa.testcases.HomePageTest"/>
  <testcase name="selectContactsTest" time="0.499" classname="com.crm.qa.testcases.ContactsPageTest"/>
  <testcase name="loginTest" time="6.928" classname="com.crm.qa.testcases.LoginPageTest"/>
  <testcase name="clickOnContactsLinkTest" time="2.758" classname="com.crm.qa.testcases.HomePageTest"/>
  <testcase name="validateCreateNewContactTest" time="6.691" classname="com.crm.qa.testcases.ContactsPageTest"/>
  <testcase name="validateCreateNewContactTest" time="6.224" classname="com.crm.qa.testcases.ContactsPageTest"/>
  <testcase name="validateCreateNewContactTest" time="6.214" classname="com.crm.qa.testcases.ContactsPageTest"/>
</testsuite> <!-- Free CRM App Test Cases -->
