<?xml version="1.0" encoding="UTF-8"?>
<testng-results skipped="0" failed="0" ignored="0" total="11" passed="11">
  <reporter-output>
  </reporter-output>
  <suite name="FREE CRM Application Test Automation Test Suite" duration-ms="235615" started-at="2019-01-14T13:03:04Z" finished-at="2019-01-14T13:07:00Z">
    <groups>
    </groups>
    <test name="Free CRM App Test Cases" duration-ms="235615" started-at="2019-01-14T13:03:04Z" finished-at="2019-01-14T13:07:00Z">
      <class name="com.crm.qa.testcases.HomePageTest">
        <test-method status="PASS" signature="setUp()[pri:0, instance:com.crm.qa.testcases.HomePageTest@6a41eaa2]" name="setUp" is-config="true" duration-ms="18590" started-at="2019-01-14T13:03:22Z" finished-at="2019-01-14T13:03:40Z">
          <reporter-output>
          </reporter-output>
        </test-method> <!-- setUp -->
        <test-method status="PASS" signature="verifyHomePageTiltleTest()[pri:1, instance:com.crm.qa.testcases.HomePageTest@6a41eaa2]" name="verifyHomePageTiltleTest" duration-ms="28" started-at="2019-01-14T13:03:40Z" finished-at="2019-01-14T13:03:40Z">
          <reporter-output>
          </reporter-output>
        </test-method> <!-- verifyHomePageTiltleTest -->
        <test-method status="PASS" signature="tearDown()[pri:0, instance:com.crm.qa.testcases.HomePageTest@6a41eaa2]" name="tearDown" is-config="true" duration-ms="1218" started-at="2019-01-14T13:03:40Z" finished-at="2019-01-14T13:03:41Z">
          <reporter-output>
          </reporter-output>
        </test-method> <!-- tearDown -->
        <test-method status="PASS" signature="setUp()[pri:0, instance:com.crm.qa.testcases.HomePageTest@6a41eaa2]" name="setUp" is-config="true" duration-ms="18339" started-at="2019-01-14T13:04:16Z" finished-at="2019-01-14T13:04:35Z">
          <reporter-output>
          </reporter-output>
        </test-method> <!-- setUp -->
        <test-method status="PASS" signature="varifyUserNameTest()[pri:2, instance:com.crm.qa.testcases.HomePageTest@6a41eaa2]" name="varifyUserNameTest" duration-ms="248" started-at="2019-01-14T13:04:35Z" finished-at="2019-01-14T13:04:35Z">
          <reporter-output>
          </reporter-output>
        </test-method> <!-- varifyUserNameTest -->
        <test-method status="PASS" signature="tearDown()[pri:0, instance:com.crm.qa.testcases.HomePageTest@6a41eaa2]" name="tearDown" is-config="true" duration-ms="1220" started-at="2019-01-14T13:04:35Z" finished-at="2019-01-14T13:04:36Z">
          <reporter-output>
          </reporter-output>
        </test-method> <!-- tearDown -->
        <test-method status="PASS" signature="setUp()[pri:0, instance:com.crm.qa.testcases.HomePageTest@6a41eaa2]" name="setUp" is-config="true" duration-ms="21427" started-at="2019-01-14T13:05:14Z" finished-at="2019-01-14T13:05:36Z">
          <reporter-output>
          </reporter-output>
        </test-method> <!-- setUp -->
        <test-method status="PASS" signature="clickOnContactsLinkTest()[pri:3, instance:com.crm.qa.testcases.HomePageTest@6a41eaa2]" name="clickOnContactsLinkTest" duration-ms="2758" started-at="2019-01-14T13:05:36Z" finished-at="2019-01-14T13:05:38Z">
          <reporter-output>
          </reporter-output>
        </test-method> <!-- clickOnContactsLinkTest -->
        <test-method status="PASS" signature="tearDown()[pri:0, instance:com.crm.qa.testcases.HomePageTest@6a41eaa2]" name="tearDown" is-config="true" duration-ms="1104" started-at="2019-01-14T13:05:38Z" finished-at="2019-01-14T13:05:39Z">
          <reporter-output>
          </reporter-output>
        </test-method> <!-- tearDown -->
      </class> <!-- com.crm.qa.testcases.HomePageTest -->
      <class name="com.crm.qa.testcases.ContactsPageTest">
        <test-method status="PASS" signature="setUp()[pri:0, instance:com.crm.qa.testcases.ContactsPageTest@7cd62f43]" name="setUp" is-config="true" duration-ms="22488" started-at="2019-01-14T13:03:41Z" finished-at="2019-01-14T13:04:04Z">
          <reporter-output>
          </reporter-output>
        </test-method> <!-- setUp -->
        <test-method status="PASS" signature="verifyContactsPageLabel()[pri:1, instance:com.crm.qa.testcases.ContactsPageTest@7cd62f43]" name="verifyContactsPageLabel" duration-ms="127" started-at="2019-01-14T13:04:04Z" finished-at="2019-01-14T13:04:04Z">
          <reporter-output>
          </reporter-output>
        </test-method> <!-- verifyContactsPageLabel -->
        <test-method status="PASS" signature="setUp()[pri:0, instance:com.crm.qa.testcases.ContactsPageTest@7cd62f43]" name="setUp" is-config="true" duration-ms="19143" started-at="2019-01-14T13:04:36Z" finished-at="2019-01-14T13:04:55Z">
          <reporter-output>
          </reporter-output>
        </test-method> <!-- setUp -->
        <test-method status="PASS" signature="selectContactsTest()[pri:2, instance:com.crm.qa.testcases.ContactsPageTest@7cd62f43]" name="selectContactsTest" duration-ms="499" started-at="2019-01-14T13:04:55Z" finished-at="2019-01-14T13:04:56Z">
          <reporter-output>
          </reporter-output>
        </test-method> <!-- selectContactsTest -->
        <test-method status="PASS" signature="setUp()[pri:0, instance:com.crm.qa.testcases.ContactsPageTest@7cd62f43]" name="setUp" is-config="true" duration-ms="17071" started-at="2019-01-14T13:05:41Z" finished-at="2019-01-14T13:05:58Z">
          <reporter-output>
          </reporter-output>
        </test-method> <!-- setUp -->
        <test-method status="PASS" signature="validateCreateNewContactTest(java.lang.String, java.lang.String, java.lang.String, java.lang.String)[pri:3, instance:com.crm.qa.testcases.ContactsPageTest@7cd62f43]" name="validateCreateNewContactTest" duration-ms="6691" started-at="2019-01-14T13:05:58Z" data-provider="getCRMTestDaTA" finished-at="2019-01-14T13:06:05Z">
          <params>
            <param index="0">
              <value>
                <![CDATA[Mr.]]>
              </value>
            </param>
            <param index="1">
              <value>
                <![CDATA[kha]]>
              </value>
            </param>
            <param index="2">
              <value>
                <![CDATA[moha]]>
              </value>
            </param>
            <param index="3">
              <value>
                <![CDATA[cap]]>
              </value>
            </param>
          </params>
          <reporter-output>
          </reporter-output>
        </test-method> <!-- validateCreateNewContactTest -->
        <test-method status="PASS" signature="setUp()[pri:0, instance:com.crm.qa.testcases.ContactsPageTest@7cd62f43]" name="setUp" is-config="true" duration-ms="19586" started-at="2019-01-14T13:06:05Z" finished-at="2019-01-14T13:06:25Z">
          <reporter-output>
          </reporter-output>
        </test-method> <!-- setUp -->
        <test-method status="PASS" signature="validateCreateNewContactTest(java.lang.String, java.lang.String, java.lang.String, java.lang.String)[pri:3, instance:com.crm.qa.testcases.ContactsPageTest@7cd62f43]" name="validateCreateNewContactTest" duration-ms="6224" started-at="2019-01-14T13:06:25Z" data-provider="getCRMTestDaTA" finished-at="2019-01-14T13:06:31Z">
          <params>
            <param index="0">
              <value>
                <![CDATA[Dr.]]>
              </value>
            </param>
            <param index="1">
              <value>
                <![CDATA[sue]]>
              </value>
            </param>
            <param index="2">
              <value>
                <![CDATA[hjjjj]]>
              </value>
            </param>
            <param index="3">
              <value>
                <![CDATA[jjjj]]>
              </value>
            </param>
          </params>
          <reporter-output>
          </reporter-output>
        </test-method> <!-- validateCreateNewContactTest -->
        <test-method status="PASS" signature="setUp()[pri:0, instance:com.crm.qa.testcases.ContactsPageTest@7cd62f43]" name="setUp" is-config="true" duration-ms="21548" started-at="2019-01-14T13:06:31Z" finished-at="2019-01-14T13:06:52Z">
          <reporter-output>
          </reporter-output>
        </test-method> <!-- setUp -->
        <test-method status="PASS" signature="validateCreateNewContactTest(java.lang.String, java.lang.String, java.lang.String, java.lang.String)[pri:3, instance:com.crm.qa.testcases.ContactsPageTest@7cd62f43]" name="validateCreateNewContactTest" duration-ms="6214" started-at="2019-01-14T13:06:52Z" data-provider="getCRMTestDaTA" finished-at="2019-01-14T13:06:59Z">
          <params>
            <param index="0">
              <value>
                <![CDATA[Mrs.]]>
              </value>
            </param>
            <param index="1">
              <value>
                <![CDATA[jhugy]]>
              </value>
            </param>
            <param index="2">
              <value>
                <![CDATA[ytgb]]>
              </value>
            </param>
            <param index="3">
              <value>
                <![CDATA[kkkk]]>
              </value>
            </param>
          </params>
          <reporter-output>
          </reporter-output>
        </test-method> <!-- validateCreateNewContactTest -->
        <test-method status="PASS" signature="tearDown()[pri:0, instance:com.crm.qa.testcases.ContactsPageTest@7cd62f43]" name="tearDown" is-config="true" duration-ms="1252" started-at="2019-01-14T13:06:59Z" finished-at="2019-01-14T13:07:00Z">
          <reporter-output>
          </reporter-output>
        </test-method> <!-- tearDown -->
      </class> <!-- com.crm.qa.testcases.ContactsPageTest -->
      <class name="com.crm.qa.testcases.LoginPageTest">
        <test-method status="PASS" signature="setUp()[pri:0, instance:com.crm.qa.testcases.LoginPageTest@685cb137]" name="setUp" is-config="true" duration-ms="16036" started-at="2019-01-14T13:03:04Z" finished-at="2019-01-14T13:03:20Z">
          <reporter-output>
          </reporter-output>
        </test-method> <!-- setUp -->
        <test-method status="PASS" signature="loginPageTitleTest()[pri:1, instance:com.crm.qa.testcases.LoginPageTest@685cb137]" name="loginPageTitleTest" duration-ms="72" started-at="2019-01-14T13:03:20Z" finished-at="2019-01-14T13:03:20Z">
          <reporter-output>
          </reporter-output>
        </test-method> <!-- loginPageTitleTest -->
        <test-method status="PASS" signature="tearDown()[pri:0, instance:com.crm.qa.testcases.LoginPageTest@685cb137]" name="tearDown" is-config="true" duration-ms="1184" started-at="2019-01-14T13:03:20Z" finished-at="2019-01-14T13:03:22Z">
          <reporter-output>
          </reporter-output>
        </test-method> <!-- tearDown -->
        <test-method status="PASS" signature="setUp()[pri:0, instance:com.crm.qa.testcases.LoginPageTest@685cb137]" name="setUp" is-config="true" duration-ms="10981" started-at="2019-01-14T13:04:04Z" finished-at="2019-01-14T13:04:15Z">
          <reporter-output>
          </reporter-output>
        </test-method> <!-- setUp -->
        <test-method status="PASS" signature="crmLogoImageTest()[pri:2, instance:com.crm.qa.testcases.LoginPageTest@685cb137]" name="crmLogoImageTest" duration-ms="195" started-at="2019-01-14T13:04:15Z" finished-at="2019-01-14T13:04:15Z">
          <reporter-output>
          </reporter-output>
        </test-method> <!-- crmLogoImageTest -->
        <test-method status="PASS" signature="tearDown()[pri:0, instance:com.crm.qa.testcases.LoginPageTest@685cb137]" name="tearDown" is-config="true" duration-ms="1111" started-at="2019-01-14T13:04:15Z" finished-at="2019-01-14T13:04:16Z">
          <reporter-output>
          </reporter-output>
        </test-method> <!-- tearDown -->
        <test-method status="PASS" signature="setUp()[pri:0, instance:com.crm.qa.testcases.LoginPageTest@685cb137]" name="setUp" is-config="true" duration-ms="10218" started-at="2019-01-14T13:04:56Z" finished-at="2019-01-14T13:05:06Z">
          <reporter-output>
          </reporter-output>
        </test-method> <!-- setUp -->
        <test-method status="PASS" signature="loginTest()[pri:3, instance:com.crm.qa.testcases.LoginPageTest@685cb137]" name="loginTest" duration-ms="6928" started-at="2019-01-14T13:05:06Z" finished-at="2019-01-14T13:05:13Z">
          <reporter-output>
          </reporter-output>
        </test-method> <!-- loginTest -->
        <test-method status="PASS" signature="tearDown()[pri:0, instance:com.crm.qa.testcases.LoginPageTest@685cb137]" name="tearDown" is-config="true" duration-ms="1146" started-at="2019-01-14T13:05:13Z" finished-at="2019-01-14T13:05:14Z">
          <reporter-output>
          </reporter-output>
        </test-method> <!-- tearDown -->
      </class> <!-- com.crm.qa.testcases.LoginPageTest -->
    </test> <!-- Free CRM App Test Cases -->
  </suite> <!-- FREE CRM Application Test Automation Test Suite -->
</testng-results>
